Using pre-set license
Built from '2022.3/staging' branch; Version is '2022.3.11f1 (d00248457e15) revision 13632072'; Using compiler version '192829333'; Build Type 'Release'
OS: 'Windows 11  (10.0.22621) 64bit CoreSingleLanguage' Language: 'en' Physical Memory: 16215 MB
BatchMode: 1, IsHumanControllingUs: 0, StartBugReporterOnCrash: 0, Is64bit: 1, IsPro: 1

COMMAND LINE ARGUMENTS:
D:\Software\2022.3.11f1\Editor\Unity.exe
-adb2
-batchMode
-noUpm
-name
AssetImportWorker0
-projectPath
D:/Documents/Game/Final-Project
-logFile
Logs/AssetImportWorker0.log
-srvPort
59074
Successfully changed project path to: D:/Documents/Game/Final-Project
D:/Documents/Game/Final-Project
[UnityMemory] Configuration Parameters - Can be set up in boot.config
    "memorysetup-bucket-allocator-granularity=16"
    "memorysetup-bucket-allocator-bucket-count=8"
    "memorysetup-bucket-allocator-block-size=33554432"
    "memorysetup-bucket-allocator-block-count=8"
    "memorysetup-main-allocator-block-size=16777216"
    "memorysetup-thread-allocator-block-size=16777216"
    "memorysetup-gfx-main-allocator-block-size=16777216"
    "memorysetup-gfx-thread-allocator-block-size=16777216"
    "memorysetup-cache-allocator-block-size=4194304"
    "memorysetup-typetree-allocator-block-size=2097152"
    "memorysetup-profiler-bucket-allocator-granularity=16"
    "memorysetup-profiler-bucket-allocator-bucket-count=8"
    "memorysetup-profiler-bucket-allocator-block-size=33554432"
    "memorysetup-profiler-bucket-allocator-block-count=8"
    "memorysetup-profiler-allocator-block-size=16777216"
    "memorysetup-profiler-editor-allocator-block-size=1048576"
    "memorysetup-temp-allocator-size-main=16777216"
    "memorysetup-job-temp-allocator-block-size=2097152"
    "memorysetup-job-temp-allocator-block-size-background=1048576"
    "memorysetup-job-temp-allocator-reduction-small-platforms=262144"
    "memorysetup-allocator-temp-initial-block-size-main=262144"
    "memorysetup-allocator-temp-initial-block-size-worker=262144"
    "memorysetup-temp-allocator-size-background-worker=32768"
    "memorysetup-temp-allocator-size-job-worker=262144"
    "memorysetup-temp-allocator-size-preload-manager=33554432"
    "memorysetup-temp-allocator-size-nav-mesh-worker=65536"
    "memorysetup-temp-allocator-size-audio-worker=65536"
    "memorysetup-temp-allocator-size-cloud-worker=32768"
    "memorysetup-temp-allocator-size-gi-baking-worker=262144"
    "memorysetup-temp-allocator-size-gfx=262144"
Player connection [1292] Host "[IP] 192.168.1.4 [Port] 0 [Flags] 2 [Guid] 201201807 [EditorId] 201201807 [Version] 1048832 [Id] WindowsEditor(7,TanComputer) [Debug] 1 [PackageName] WindowsEditor [ProjectName] Editor" joined multi-casting on [225.0.0.222:54997]...

Player connection [1292] Host "[IP] 192.168.1.4 [Port] 0 [Flags] 2 [Guid] 201201807 [EditorId] 201201807 [Version] 1048832 [Id] WindowsEditor(7,TanComputer) [Debug] 1 [PackageName] WindowsEditor [ProjectName] Editor" joined alternative multi-casting on [225.0.0.222:34997]...

[Physics::Module] Initialized MultithreadedJobDispatcher with 7 workers.
Refreshing native plugins compatible for Editor in 27.06 ms, found 4 plugins.
Preloading 0 native plugins for Editor in 0.00 ms.
Initialize engine version: 2022.3.11f1 (d00248457e15)
[Subsystems] Discovering subsystems at path D:/Software/2022.3.11f1/Editor/Data/Resources/UnitySubsystems
[Subsystems] Discovering subsystems at path D:/Documents/Game/Final-Project/Assets
GfxDevice: creating device client; threaded=0; jobified=0
Direct3D:
    Version:  Direct3D 11.0 [level 11.1]
    Renderer: NVIDIA GeForce GTX 1650 Ti (ID=0x1f95)
    Vendor:   NVIDIA
    VRAM:     3962 MB
    Driver:   27.21.14.5167
Initialize mono
Mono path[0] = 'D:/Software/2022.3.11f1/Editor/Data/Managed'
Mono path[1] = 'D:/Software/2022.3.11f1/Editor/Data/MonoBleedingEdge/lib/mono/unityjit-win32'
Mono config path = 'D:/Software/2022.3.11f1/Editor/Data/MonoBleedingEdge/etc'
Using monoOptions --debugger-agent=transport=dt_socket,embedding=1,server=y,suspend=n,address=127.0.0.1:56340
Begin MonoManager ReloadAssembly
Registering precompiled unity dll's ...
Register platform support module: D:/Software/2022.3.11f1/Editor/Data/PlaybackEngines/WebGLSupport/UnityEditor.WebGL.Extensions.dll
Register platform support module: D:/Software/2022.3.11f1/Editor/Data/PlaybackEngines/WindowsStandaloneSupport/UnityEditor.WindowsStandalone.Extensions.dll
Registered in 0.003647 seconds.
- Loaded All Assemblies, in  0.587 seconds
Native extension for WindowsStandalone target not found
Native extension for WebGL target not found
Mono: successfully reloaded assembly
- Finished resetting the current domain, in  0.297 seconds
Domain Reload Profiling: 884ms
	BeginReloadAssembly (211ms)
		ExecutionOrderSort (0ms)
		DisableScriptedObjects (0ms)
		BackupInstance (0ms)
		ReleaseScriptingObjects (0ms)
		CreateAndSetChildDomain (1ms)
	RebuildCommonClasses (52ms)
	RebuildNativeTypeToScriptingClass (16ms)
	initialDomainReloadingComplete (71ms)
	LoadAllAssembliesAndSetupDomain (237ms)
		LoadAssemblies (211ms)
		RebuildTransferFunctionScriptingTraits (0ms)
		AnalyzeDomain (233ms)
			TypeCache.Refresh (232ms)
				TypeCache.ScanAssembly (205ms)
			ScanForSourceGeneratedMonoScriptInfo (1ms)
			ResolveRequiredComponents (0ms)
	FinalizeReload (297ms)
		ReleaseScriptCaches (0ms)
		RebuildScriptCaches (0ms)
		SetupLoadedEditorAssemblies (233ms)
			LogAssemblyErrors (0ms)
			InitializePlatformSupportModulesInManaged (10ms)
			SetLoadedEditorAssemblies (6ms)
			RefreshPlugins (0ms)
			BeforeProcessingInitializeOnLoad (3ms)
			ProcessInitializeOnLoadAttributes (152ms)
			ProcessInitializeOnLoadMethodAttributes (61ms)
			AfterProcessingInitializeOnLoad (0ms)
			EditorAssembliesLoaded (0ms)
		ExecutionOrderSort2 (0ms)
		AwakeInstancesAfterBackupRestoration (0ms)
========================================================================
Worker process is ready to serve import requests
Begin MonoManager ReloadAssembly
- Loaded All Assemblies, in  0.910 seconds
Refreshing native plugins compatible for Editor in 4.50 ms, found 4 plugins.
Native extension for WindowsStandalone target not found
Native extension for WebGL target not found
Package Manager log level set to [2]
[Package Manager] Server::EnsureServerProcessIsRunning -- launch failed, reason: Unity was launched with the -noUpm command-line argument
[Package Manager] UpmClient::Send -- Unable to send message (not connected to UPM process).
[Package Manager] Cannot connect to Unity Package Manager local server
Mono: successfully reloaded assembly
- Finished resetting the current domain, in  1.001 seconds
Domain Reload Profiling: 1911ms
	BeginReloadAssembly (181ms)
		ExecutionOrderSort (0ms)
		DisableScriptedObjects (7ms)
		BackupInstance (0ms)
		ReleaseScriptingObjects (0ms)
		CreateAndSetChildDomain (26ms)
	RebuildCommonClasses (43ms)
	RebuildNativeTypeToScriptingClass (13ms)
	initialDomainReloadingComplete (47ms)
	LoadAllAssembliesAndSetupDomain (625ms)
		LoadAssemblies (489ms)
		RebuildTransferFunctionScriptingTraits (0ms)
		AnalyzeDomain (240ms)
			TypeCache.Refresh (196ms)
				TypeCache.ScanAssembly (175ms)
			ScanForSourceGeneratedMonoScriptInfo (31ms)
			ResolveRequiredComponents (11ms)
	FinalizeReload (1001ms)
		ReleaseScriptCaches (0ms)
		RebuildScriptCaches (0ms)
		SetupLoadedEditorAssemblies (707ms)
			LogAssemblyErrors (0ms)
			InitializePlatformSupportModulesInManaged (7ms)
			SetLoadedEditorAssemblies (8ms)
			RefreshPlugins (0ms)
			BeforeProcessingInitializeOnLoad (141ms)
			ProcessInitializeOnLoadAttributes (497ms)
			ProcessInitializeOnLoadMethodAttributes (52ms)
			AfterProcessingInitializeOnLoad (2ms)
			EditorAssembliesLoaded (0ms)
		ExecutionOrderSort2 (0ms)
		AwakeInstancesAfterBackupRestoration (9ms)
Launched and connected shader compiler UnityShaderCompiler.exe after 0.06 seconds
Refreshing native plugins compatible for Editor in 5.57 ms, found 4 plugins.
Preloading 0 native plugins for Editor in 0.00 ms.
Unloading 4015 Unused Serialized files (Serialized files now loaded: 0)
Unloading 70 unused Assets / (245.1 KB). Loaded Objects now: 4470.
Memory consumption went from 142.7 MB to 142.4 MB.
Total: 5.333800 ms (FindLiveObjects: 0.609900 ms CreateObjectMapping: 0.385900 ms MarkObjects: 3.986700 ms  DeleteObjects: 0.349600 ms)

AssetImportParameters requested are different than current active one (requested -> active):
  custom:container-demuxer-ogg: 62fdf1f143b41e24485cea50d1cbac27 -> 
  custom:video-decoder-ogg-theora: a1e56fd34408186e4bbccfd4996cb3dc -> 
  custom:framework-win-MediaFoundation: 216162199b28c13a410421893ffa2e32 -> 
  custom:container-demuxer-webm: 4f35f7cbe854078d1ac9338744f61a02 -> 
  custom:container-muxer-webm: aa71ff27fc2769a1b78a27578f13a17b -> 
  custom:video-decoder-webm-vp8: 9c59270c3fd7afecdb556c50c9e8de78 -> 
  custom:SearchIndexIgnoredProperties: e643bd26f0fe6173181afceb89e7c659 -> 
  custom:AudioImporter_EditorPlatform: d09bf68614088b80899f8185d706f6e7 -> 
  custom:video-encoder-webm-vp8: eb34c28f22e8b96e1ab97ce403110664 -> 
  custom:audio-decoder-ogg-vorbis: bf7c407c2cedff20999df2af8eb42d56 -> 
  custom:audio-encoder-webm-vorbis: bf7c407c2cedff20999df2af8eb42d56 -> 
========================================================================
Received Prepare
Refreshing native plugins compatible for Editor in 6.45 ms, found 4 plugins.
Preloading 0 native plugins for Editor in 0.00 ms.
Unloading 7 Unused Serialized files (Serialized files now loaded: 0)
Unloading 7 unused Assets / (198.4 KB). Loaded Objects now: 4470.
Memory consumption went from 80.0 MB to 79.8 MB.
Total: 7.569100 ms (FindLiveObjects: 0.967300 ms CreateObjectMapping: 0.621400 ms MarkObjects: 5.735700 ms  DeleteObjects: 0.243000 ms)

Prepare: number of updated asset objects reloaded= 0
AssetImportParameters requested are different than current active one (requested -> active):
  custom:container-demuxer-ogg: 62fdf1f143b41e24485cea50d1cbac27 -> 
  custom:video-decoder-ogg-theora: a1e56fd34408186e4bbccfd4996cb3dc -> 
  custom:framework-win-MediaFoundation: 216162199b28c13a410421893ffa2e32 -> 
  custom:CustomObjectIndexerAttribute: 756ad292c208cfabdd7b50bc23989ffe -> 
  custom:container-demuxer-webm: 4f35f7cbe854078d1ac9338744f61a02 -> 
  custom:container-muxer-webm: aa71ff27fc2769a1b78a27578f13a17b -> 
  custom:video-decoder-webm-vp8: 9c59270c3fd7afecdb556c50c9e8de78 -> 
  custom:SearchIndexIgnoredProperties: e643bd26f0fe6173181afceb89e7c659 -> 
  custom:AudioImporter_EditorPlatform: d09bf68614088b80899f8185d706f6e7 -> 
  custom:video-encoder-webm-vp8: eb34c28f22e8b96e1ab97ce403110664 -> 
  custom:audio-decoder-ogg-vorbis: bf7c407c2cedff20999df2af8eb42d56 -> 
  custom:audio-encoder-webm-vorbis: bf7c407c2cedff20999df2af8eb42d56 -> 
========================================================================
Received Import Request.
  Time since last request: 82424.619658 seconds.
  path: Assets/Scenes/Level-1.unity
  artifactKey: Guid(2cda990e2423bbf4892e6590ba056729) Importer(815301076,1909f56bfc062723c751e8b465ee728b)
Start importing Assets/Scenes/Level-1.unity using Guid(2cda990e2423bbf4892e6590ba056729) Importer(815301076,1909f56bfc062723c751e8b465ee728b)  -> (artifact id: '0c1877b67f469282db1e4f759301cafb') in 0.007610 seconds
Number of updated asset objects reloaded before import = 0
Number of asset objects unloaded after import = 0
========================================================================
Received Import Request.
  Time since last request: 32.579434 seconds.
  path: Assets/Scripts
  artifactKey: Guid(526b9199137d84d46ae1982ad77c13b7) Importer(815301076,1909f56bfc062723c751e8b465ee728b)
Start importing Assets/Scripts using Guid(526b9199137d84d46ae1982ad77c13b7) Importer(815301076,1909f56bfc062723c751e8b465ee728b)  -> (artifact id: 'cdb772a4ad1921b7ae4a44b160595fa5') in 0.000419 seconds
Number of updated asset objects reloaded before import = 0
Number of asset objects unloaded after import = 0
========================================================================
Received Import Request.
  Time since last request: 14.613493 seconds.
  path: Assets/Prefabs
  artifactKey: Guid(4ec1726c153df574489ffc91ebe30fb9) Importer(815301076,1909f56bfc062723c751e8b465ee728b)
Start importing Assets/Prefabs using Guid(4ec1726c153df574489ffc91ebe30fb9) Importer(815301076,1909f56bfc062723c751e8b465ee728b)  -> (artifact id: 'bb0dc06737d16162f95f00aa784dcd6e') in 0.000446 seconds
Number of updated asset objects reloaded before import = 0
Number of asset objects unloaded after import = 0
========================================================================
Received Import Request.
  Time since last request: 24.245121 seconds.
  path: Assets/Animations
  artifactKey: Guid(9668ab28408f89d4ea30d53fc0da8229) Importer(815301076,1909f56bfc062723c751e8b465ee728b)
Start importing Assets/Animations using Guid(9668ab28408f89d4ea30d53fc0da8229) Importer(815301076,1909f56bfc062723c751e8b465ee728b)  -> (artifact id: '8aa02da04f054a69dca6673df1aec7c8') in 0.000405 seconds
Number of updated asset objects reloaded before import = 0
Number of asset objects unloaded after import = 0
========================================================================
Received Import Request.
  Time since last request: 209.141190 seconds.
  path: Assets/New Folder
  artifactKey: Guid(d518c509628436a4183845c49533afa4) Importer(815301076,1909f56bfc062723c751e8b465ee728b)
Start importing Assets/New Folder using Guid(d518c509628436a4183845c49533afa4) Importer(815301076,1909f56bfc062723c751e8b465ee728b)  -> (artifact id: '010437ab5457eb4bcd10008f571ca0c1') in 0.000701 seconds
Number of updated asset objects reloaded before import = 0
Number of asset objects unloaded after import = 0
========================================================================
Received Import Request.
  Time since last request: 16.333262 seconds.
  path: Assets/Sprites
  artifactKey: Guid(d518c509628436a4183845c49533afa4) Importer(815301076,1909f56bfc062723c751e8b465ee728b)
Start importing Assets/Sprites using Guid(d518c509628436a4183845c49533afa4) Importer(815301076,1909f56bfc062723c751e8b465ee728b)  -> (artifact id: 'a8e07daccf9469bda32ef49f9a7f64c9') in 0.000438 seconds
Number of updated asset objects reloaded before import = 0
Number of asset objects unloaded after import = 0
========================================================================
Received Import Request.
  Time since last request: 147.349872 seconds.
  path: Assets/Materials/tower/FLA/main_tower_1.fla
  artifactKey: Guid(17401636fa65ea64abb48178b64aa248) Importer(815301076,1909f56bfc062723c751e8b465ee728b)
Start importing Assets/Materials/tower/FLA/main_tower_1.fla using Guid(17401636fa65ea64abb48178b64aa248) Importer(815301076,1909f56bfc062723c751e8b465ee728b)  -> (artifact id: 'ade82af49b596d9bdfd53cb0b83bb836') in 0.013268 seconds
Number of updated asset objects reloaded before import = 0
Number of asset objects unloaded after import = 1
========================================================================
Received Import Request.
  Time since last request: 1.593722 seconds.
  path: Assets/Materials/tower/FLA/main_tower_2.fla
  artifactKey: Guid(218fb8033aabaa34b96fd64e05b45013) Importer(815301076,1909f56bfc062723c751e8b465ee728b)
Start importing Assets/Materials/tower/FLA/main_tower_2.fla using Guid(218fb8033aabaa34b96fd64e05b45013) Importer(815301076,1909f56bfc062723c751e8b465ee728b)  -> (artifact id: '74cc7c2d3f320aab135d6c19fbc290d7') in 0.001097 seconds
Number of updated asset objects reloaded before import = 0
Number of asset objects unloaded after import = 1
========================================================================
Received Import Request.
  Time since last request: 0.404761 seconds.
  path: Assets/Materials/tower/FLA/main_tower_3.fla
  artifactKey: Guid(d51a4e1cd2f599c4eb05186968769f10) Importer(815301076,1909f56bfc062723c751e8b465ee728b)
Start importing Assets/Materials/tower/FLA/main_tower_3.fla using Guid(d51a4e1cd2f599c4eb05186968769f10) Importer(815301076,1909f56bfc062723c751e8b465ee728b)  -> (artifact id: '1af9e4ab5dfae2a4db1792e43a76622a') in 0.000763 seconds
Number of updated asset objects reloaded before import = 0
Number of asset objects unloaded after import = 1
========================================================================
Received Import Request.
  Time since last request: 1.007211 seconds.
  path: Assets/Materials/tower/PNG/1.png
  artifactKey: Guid(79e496acb82654c4b99a8eb2f55b6d7b) Importer(815301076,1909f56bfc062723c751e8b465ee728b)
Start importing Assets/Materials/tower/PNG/1.png using Guid(79e496acb82654c4b99a8eb2f55b6d7b) Importer(815301076,1909f56bfc062723c751e8b465ee728b)  -> (artifact id: '2d1dc3ff59de6566c928eb9751689e1e') in 0.105026 seconds
Number of updated asset objects reloaded before import = 0
Number of asset objects unloaded after import = 3
========================================================================
Received Import Request.
  Time since last request: 0.000032 seconds.
  path: Assets/Materials/tower/PNG/33.png
  artifactKey: Guid(7e5275b3664a5fd44b9e574166d10513) Importer(815301076,1909f56bfc062723c751e8b465ee728b)
Start importing Assets/Materials/tower/PNG/33.png using Guid(7e5275b3664a5fd44b9e574166d10513) Importer(815301076,1909f56bfc062723c751e8b465ee728b)  -> (artifact id: 'bf91d0581db81edb621714f49b16a37f') in 0.023540 seconds
Number of updated asset objects reloaded before import = 0
Number of asset objects unloaded after import = 3
========================================================================
Received Import Request.
  Time since last request: 0.000034 seconds.
  path: Assets/Materials/tower/PNG/30.png
  artifactKey: Guid(55eaa85c974a706488e454a911688999) Importer(815301076,1909f56bfc062723c751e8b465ee728b)
Start importing Assets/Materials/tower/PNG/30.png using Guid(55eaa85c974a706488e454a911688999) Importer(815301076,1909f56bfc062723c751e8b465ee728b)  -> (artifact id: '2fd05be32da90589672a8470cf40a1a4') in 0.022374 seconds
Number of updated asset objects reloaded before import = 0
Number of asset objects unloaded after import = 3
========================================================================
Received Import Request.
  Time since last request: 0.000020 seconds.
  path: Assets/Materials/tower/PNG/10.png
  artifactKey: Guid(3367c01d3ff9ecc46b34a1985d440b7c) Importer(815301076,1909f56bfc062723c751e8b465ee728b)
Start importing Assets/Materials/tower/PNG/10.png using Guid(3367c01d3ff9ecc46b34a1985d440b7c) Importer(815301076,1909f56bfc062723c751e8b465ee728b)  -> (artifact id: '8f4cc8519f7cd5b1932a1953d14c7e95') in 0.020307 seconds
Number of updated asset objects reloaded before import = 0
Number of asset objects unloaded after import = 3
========================================================================
Received Import Request.
  Time since last request: 0.000021 seconds.
  path: Assets/Materials/tower/PNG/37.png
  artifactKey: Guid(526af7fc9991b7c4ab828a72c2aab8a3) Importer(815301076,1909f56bfc062723c751e8b465ee728b)
Start importing Assets/Materials/tower/PNG/37.png using Guid(526af7fc9991b7c4ab828a72c2aab8a3) Importer(815301076,1909f56bfc062723c751e8b465ee728b)  -> (artifact id: 'bcdcdde6018e812647e0c6b5ada79690') in 0.020887 seconds
Number of updated asset objects reloaded before import = 0
Number of asset objects unloaded after import = 3
========================================================================
Received Import Request.
  Time since last request: 0.000058 seconds.
  path: Assets/Materials/tower/PNG/9.png
  artifactKey: Guid(1ba1a223930ad904491eb081d7b23207) Importer(815301076,1909f56bfc062723c751e8b465ee728b)
Start importing Assets/Materials/tower/PNG/9.png using Guid(1ba1a223930ad904491eb081d7b23207) Importer(815301076,1909f56bfc062723c751e8b465ee728b)  -> (artifact id: '7ae97aeba1dafe352d7582f8833ec7bc') in 0.020094 seconds
Number of updated asset objects reloaded before import = 0
Number of asset objects unloaded after import = 3
========================================================================
Received Import Request.
  Time since last request: 0.000020 seconds.
  path: Assets/Materials/tower/PNG/12.png
  artifactKey: Guid(f524b98e0c8fbd9448f97d70e1fc7591) Importer(815301076,1909f56bfc062723c751e8b465ee728b)
Start importing Assets/Materials/tower/PNG/12.png using Guid(f524b98e0c8fbd9448f97d70e1fc7591) Importer(815301076,1909f56bfc062723c751e8b465ee728b)  -> (artifact id: '561bc15a4cdf05e4fc197d001a17b2ea') in 0.020136 seconds
Number of updated asset objects reloaded before import = 0
Number of asset objects unloaded after import = 3
========================================================================
Received Import Request.
  Time since last request: 0.000023 seconds.
  path: Assets/Materials/tower/PNG/7.png
  artifactKey: Guid(07295753a3f34c14c9db1e07a3b27301) Importer(815301076,1909f56bfc062723c751e8b465ee728b)
Start importing Assets/Materials/tower/PNG/7.png using Guid(07295753a3f34c14c9db1e07a3b27301) Importer(815301076,1909f56bfc062723c751e8b465ee728b)  -> (artifact id: 'd381d7cd094ef916bc6580c432f22d29') in 0.023287 seconds
Number of updated asset objects reloaded before import = 0
Number of asset objects unloaded after import = 3
========================================================================
Received Import Request.
  Time since last request: 0.000031 seconds.
  path: Assets/Materials/tower/PNG/16.png
  artifactKey: Guid(a3bc09d6f9180164cb36c199a29b7549) Importer(815301076,1909f56bfc062723c751e8b465ee728b)
Start importing Assets/Materials/tower/PNG/16.png using Guid(a3bc09d6f9180164cb36c199a29b7549) Importer(815301076,1909f56bfc062723c751e8b465ee728b)  -> (artifact id: '261b3c9280e77c7ec3c297e882c82e1f') in 0.022244 seconds
Number of updated asset objects reloaded before import = 0
Number of asset objects unloaded after import = 3
========================================================================
Received Import Request.
  Time since last request: 0.000022 seconds.
  path: Assets/Materials/tower/PNG/22.png
  artifactKey: Guid(e9f19578bb70537439f1904114009174) Importer(815301076,1909f56bfc062723c751e8b465ee728b)
Start importing Assets/Materials/tower/PNG/22.png using Guid(e9f19578bb70537439f1904114009174) Importer(815301076,1909f56bfc062723c751e8b465ee728b)  -> (artifact id: '051d8376fd1069fb5ff46c44efccc24b') in 0.018901 seconds
Number of updated asset objects reloaded before import = 0
Number of asset objects unloaded after import = 3
========================================================================
Received Import Request.
  Time since last request: 0.000019 seconds.
  path: Assets/Materials/tower/PNG/20.png
  artifactKey: Guid(67d0780236fe9594bb1698b12f5366d1) Importer(815301076,1909f56bfc062723c751e8b465ee728b)
Start importing Assets/Materials/tower/PNG/20.png using Guid(67d0780236fe9594bb1698b12f5366d1) Importer(815301076,1909f56bfc062723c751e8b465ee728b)  -> (artifact id: '462f48c787ac52d857826dcc97cf3a84') in 0.020743 seconds
Number of updated asset objects reloaded before import = 0
Number of asset objects unloaded after import = 3
========================================================================
Received Import Request.
  Time since last request: 0.000024 seconds.
  path: Assets/Materials/tower/PNG/8.png
  artifactKey: Guid(8165b81f47c1384418f829de0e21447e) Importer(815301076,1909f56bfc062723c751e8b465ee728b)
Start importing Assets/Materials/tower/PNG/8.png using Guid(8165b81f47c1384418f829de0e21447e) Importer(815301076,1909f56bfc062723c751e8b465ee728b)  -> (artifact id: '8519e532a84830b0af7dad4960d86214') in 0.020215 seconds
Number of updated asset objects reloaded before import = 0
Number of asset objects unloaded after import = 3
========================================================================
Received Import Request.
  Time since last request: 0.000027 seconds.
  path: Assets/Materials/tower/PNG/29.png
  artifactKey: Guid(92cc7bec733d7ed4cad695914deb608f) Importer(815301076,1909f56bfc062723c751e8b465ee728b)
Start importing Assets/Materials/tower/PNG/29.png using Guid(92cc7bec733d7ed4cad695914deb608f) Importer(815301076,1909f56bfc062723c751e8b465ee728b)  -> (artifact id: '3a18cc5a7e5f364d22c1b61f52def8d3') in 0.019149 seconds
Number of updated asset objects reloaded before import = 0
Number of asset objects unloaded after import = 3
========================================================================
Received Import Request.
  Time since last request: 0.000030 seconds.
  path: Assets/Materials/tower/PNG/44.png
  artifactKey: Guid(d4269ff851d81374e8b6fe4de5a910c7) Importer(815301076,1909f56bfc062723c751e8b465ee728b)
Start importing Assets/Materials/tower/PNG/44.png using Guid(d4269ff851d81374e8b6fe4de5a910c7) Importer(815301076,1909f56bfc062723c751e8b465ee728b)  -> (artifact id: '2eb6c70a358e33ea9b32c065a36f7620') in 0.020592 seconds
Number of updated asset objects reloaded before import = 0
Number of asset objects unloaded after import = 3
========================================================================
Received Import Request.
  Time since last request: 0.000028 seconds.
  path: Assets/Materials/tower/PNG/14.png
  artifactKey: Guid(a2409042f89f0b5439aec9f44b9a67d7) Importer(815301076,1909f56bfc062723c751e8b465ee728b)
Start importing Assets/Materials/tower/PNG/14.png using Guid(a2409042f89f0b5439aec9f44b9a67d7) Importer(815301076,1909f56bfc062723c751e8b465ee728b)  -> (artifact id: 'aa7edcda75e18ae00da1fe4979264f4b') in 0.022004 seconds
Number of updated asset objects reloaded before import = 0
Number of asset objects unloaded after import = 3
========================================================================
Received Import Request.
  Time since last request: 0.000028 seconds.
  path: Assets/Materials/tower/PNG/40.png
  artifactKey: Guid(8cbdf15e831d6a64eaed236812b0959b) Importer(815301076,1909f56bfc062723c751e8b465ee728b)
Start importing Assets/Materials/tower/PNG/40.png using Guid(8cbdf15e831d6a64eaed236812b0959b) Importer(815301076,1909f56bfc062723c751e8b465ee728b)  -> (artifact id: 'd283294116a11f9ade698b378754247d') in 0.019745 seconds
Number of updated asset objects reloaded before import = 0
Number of asset objects unloaded after import = 3
========================================================================
Received Import Request.
  Time since last request: 0.000043 seconds.
  path: Assets/Materials/tower/PNG/23.png
  artifactKey: Guid(01c76576fccfc9242a17ff9ef1eed7a5) Importer(815301076,1909f56bfc062723c751e8b465ee728b)
Start importing Assets/Materials/tower/PNG/23.png using Guid(01c76576fccfc9242a17ff9ef1eed7a5) Importer(815301076,1909f56bfc062723c751e8b465ee728b)  -> (artifact id: '948c8d59010f9eaf5d642823861c7752') in 0.020071 seconds
Number of updated asset objects reloaded before import = 0
Number of asset objects unloaded after import = 3
========================================================================
Received Import Request.
  Time since last request: 0.000024 seconds.
  path: Assets/Materials/tower/PNG/15.png
  artifactKey: Guid(5e81a34538cb21a439bc7b989679acb4) Importer(815301076,1909f56bfc062723c751e8b465ee728b)
Start importing Assets/Materials/tower/PNG/15.png using Guid(5e81a34538cb21a439bc7b989679acb4) Importer(815301076,1909f56bfc062723c751e8b465ee728b)  -> (artifact id: 'f1800b13e19b6a50943fe55fb91c9439') in 0.020311 seconds
Number of updated asset objects reloaded before import = 0
Number of asset objects unloaded after import = 3
========================================================================
Received Import Request.
  Time since last request: 0.000033 seconds.
  path: Assets/Materials/tower/PNG/6.png
  artifactKey: Guid(c0ee27dc37e0dcd4dad1534612242950) Importer(815301076,1909f56bfc062723c751e8b465ee728b)
Start importing Assets/Materials/tower/PNG/6.png using Guid(c0ee27dc37e0dcd4dad1534612242950) Importer(815301076,1909f56bfc062723c751e8b465ee728b)  -> (artifact id: '8900498ece422a376e9f87bfc3be5d6b') in 0.019291 seconds
Number of updated asset objects reloaded before import = 0
Number of asset objects unloaded after import = 3
========================================================================
Received Import Request.
  Time since last request: 0.000042 seconds.
  path: Assets/Materials/tower/PNG/3.png
  artifactKey: Guid(3c03d41b60c89204db46300c1dd709e4) Importer(815301076,1909f56bfc062723c751e8b465ee728b)
Start importing Assets/Materials/tower/PNG/3.png using Guid(3c03d41b60c89204db46300c1dd709e4) Importer(815301076,1909f56bfc062723c751e8b465ee728b)  -> (artifact id: '06a8bea524cb774e06aa1a6f18f752a6') in 0.021246 seconds
Number of updated asset objects reloaded before import = 0
Number of asset objects unloaded after import = 3
========================================================================
Received Import Request.
  Time since last request: 0.000029 seconds.
  path: Assets/Materials/tower/PNG/11.png
  artifactKey: Guid(603bfd21f6bf7b548b93fe7d8e5e640b) Importer(815301076,1909f56bfc062723c751e8b465ee728b)
Start importing Assets/Materials/tower/PNG/11.png using Guid(603bfd21f6bf7b548b93fe7d8e5e640b) Importer(815301076,1909f56bfc062723c751e8b465ee728b)  -> (artifact id: 'f61e9de6193b2637bee3ff0d18d80a9c') in 0.019292 seconds
Number of updated asset objects reloaded before import = 0
Number of asset objects unloaded after import = 3
========================================================================
Received Import Request.
  Time since last request: 0.000026 seconds.
  path: Assets/Materials/tower/PNG/46.png
  artifactKey: Guid(28315e32504a59543af577e9d16914c3) Importer(815301076,1909f56bfc062723c751e8b465ee728b)
Start importing Assets/Materials/tower/PNG/46.png using Guid(28315e32504a59543af577e9d16914c3) Importer(815301076,1909f56bfc062723c751e8b465ee728b)  -> (artifact id: '2dc066b9d99803d1d428ec5909638512') in 0.021527 seconds
Number of updated asset objects reloaded before import = 0
Number of asset objects unloaded after import = 3
========================================================================
Received Import Request.
  Time since last request: 0.000024 seconds.
  path: Assets/Materials/tower/PNG/19.png
  artifactKey: Guid(21519aadd8d6f1146a2a788b588dc49e) Importer(815301076,1909f56bfc062723c751e8b465ee728b)
Start importing Assets/Materials/tower/PNG/19.png using Guid(21519aadd8d6f1146a2a788b588dc49e) Importer(815301076,1909f56bfc062723c751e8b465ee728b)  -> (artifact id: '64d5bc2e6010b9995a8b39488e276396') in 0.022308 seconds
Number of updated asset objects reloaded before import = 0
Number of asset objects unloaded after import = 3
========================================================================
Received Import Request.
  Time since last request: 8.882809 seconds.
  path: Assets/Materials/tower/PNG/47.png
  artifactKey: Guid(cd9fe760db742a9408b588aa7f961a20) Importer(815301076,1909f56bfc062723c751e8b465ee728b)
Start importing Assets/Materials/tower/PNG/47.png using Guid(cd9fe760db742a9408b588aa7f961a20) Importer(815301076,1909f56bfc062723c751e8b465ee728b)  -> (artifact id: '9138a6fdccdec46411d44bf808493cbd') in 0.025537 seconds
Number of updated asset objects reloaded before import = 0
Number of asset objects unloaded after import = 3
========================================================================
Received Import Request.
  Time since last request: 0.000015 seconds.
  path: Assets/Materials/tower/PNG/58.png
  artifactKey: Guid(68d2e44ed1645c045b5ed82e6667d7b8) Importer(815301076,1909f56bfc062723c751e8b465ee728b)
Start importing Assets/Materials/tower/PNG/58.png using Guid(68d2e44ed1645c045b5ed82e6667d7b8) Importer(815301076,1909f56bfc062723c751e8b465ee728b)  -> (artifact id: '40ebea3fdd147f1799d36d5ec3a7ef27') in 0.020518 seconds
Number of updated asset objects reloaded before import = 0
Number of asset objects unloaded after import = 3
========================================================================
Received Import Request.
  Time since last request: 0.000018 seconds.
  path: Assets/Materials/tower/PNG/56.png
  artifactKey: Guid(41672b080b3c5e14c826b0012b70ce54) Importer(815301076,1909f56bfc062723c751e8b465ee728b)
Start importing Assets/Materials/tower/PNG/56.png using Guid(41672b080b3c5e14c826b0012b70ce54) Importer(815301076,1909f56bfc062723c751e8b465ee728b)  -> (artifact id: '05e9ec250efe8c3dacd8af1f26f11893') in 0.022370 seconds
Number of updated asset objects reloaded before import = 0
Number of asset objects unloaded after import = 3
========================================================================
Received Import Request.
  Time since last request: 0.000024 seconds.
  path: Assets/Materials/tower/PNG/54.png
  artifactKey: Guid(ec3ea0cf6a18f7b48818473543266770) Importer(815301076,1909f56bfc062723c751e8b465ee728b)
Start importing Assets/Materials/tower/PNG/54.png using Guid(ec3ea0cf6a18f7b48818473543266770) Importer(815301076,1909f56bfc062723c751e8b465ee728b)  -> (artifact id: '3fb2105f1b06e4005f797fb140351fcc') in 0.025306 seconds
Number of updated asset objects reloaded before import = 0
Number of asset objects unloaded after import = 3
========================================================================
Received Import Request.
  Time since last request: 0.000016 seconds.
  path: Assets/Materials/tower/PNG/57.png
  artifactKey: Guid(70d0f7efa3674554daa62a7b2198146d) Importer(815301076,1909f56bfc062723c751e8b465ee728b)
Start importing Assets/Materials/tower/PNG/57.png using Guid(70d0f7efa3674554daa62a7b2198146d) Importer(815301076,1909f56bfc062723c751e8b465ee728b)  -> (artifact id: '39d0eb1c6ecde67dfb03988e201c7cd6') in 0.021808 seconds
Number of updated asset objects reloaded before import = 0
Number of asset objects unloaded after import = 3
========================================================================
Received Import Request.
  Time since last request: 0.000034 seconds.
  path: Assets/Materials/tower/PNG/52.png
  artifactKey: Guid(71939e0e89587f448b7afeec14c30228) Importer(815301076,1909f56bfc062723c751e8b465ee728b)
Start importing Assets/Materials/tower/PNG/52.png using Guid(71939e0e89587f448b7afeec14c30228) Importer(815301076,1909f56bfc062723c751e8b465ee728b)  -> (artifact id: '574a096b8d2e7333bda47065fbca33f0') in 0.022440 seconds
Number of updated asset objects reloaded before import = 0
Number of asset objects unloaded after import = 3
========================================================================
Received Import Request.
  Time since last request: 0.000022 seconds.
  path: Assets/Materials/tower/PNG/55.png
  artifactKey: Guid(ba59b56b7dc12a143988b0b800a156d4) Importer(815301076,1909f56bfc062723c751e8b465ee728b)
Start importing Assets/Materials/tower/PNG/55.png using Guid(ba59b56b7dc12a143988b0b800a156d4) Importer(815301076,1909f56bfc062723c751e8b465ee728b)  -> (artifact id: 'b92bf7e238f077759bdd5c8516538355') in 0.020068 seconds
Number of updated asset objects reloaded before import = 0
Number of asset objects unloaded after import = 3
========================================================================
Received Import Request.
  Time since last request: 0.000031 seconds.
  path: Assets/Materials/tower/PNG/59.png
  artifactKey: Guid(4c6820ee9970ebf4a8cd2025dd4e12f8) Importer(815301076,1909f56bfc062723c751e8b465ee728b)
Start importing Assets/Materials/tower/PNG/59.png using Guid(4c6820ee9970ebf4a8cd2025dd4e12f8) Importer(815301076,1909f56bfc062723c751e8b465ee728b)  -> (artifact id: '8964f1688634f938aa8123fa90ad5824') in 0.020594 seconds
Number of updated asset objects reloaded before import = 0
Number of asset objects unloaded after import = 3
TcpMessagingSession - receive error
AssetImportWorkerClient::OnTransportError - code=10054 error=An existing connection was forcibly closed by the remote host.
